2026-04-08 00:41:54.059 [info] Reading sessions from keychain...
2026-04-08 00:41:54.059 [info] Getting sessions for all scopes...
2026-04-08 00:41:54.059 [info] Got stored sessions!
2026-04-08 00:41:54.059 [info] Got 1 verified sessions.
2026-04-08 00:41:54.059 [info] Got 1 sessions for ...
2026-04-08 00:41:54.059 [info] Getting sessions for all scopes...
2026-04-08 00:41:54.059 [info] Got 1 sessions for ...
2026-04-08 00:41:54.059 [info] Getting sessions for all scopes...
2026-04-08 00:41:54.059 [info] Got 1 sessions for ...
2026-04-08 00:41:54.059 [info] Getting sessions for all scopes...
2026-04-08 00:41:54.059 [info] Got 1 sessions for ...
2026-04-08 00:41:54.128 [info] Getting sessions for all scopes...
2026-04-08 00:41:54.128 [info] Got 1 sessions for ...
2026-04-08 00:41:55.917 [info] Getting sessions for all scopes...
2026-04-08 00:41:55.917 [info] Got 1 sessions for ...
2026-04-08 00:41:55.917 [info] Getting sessions for all scopes...
2026-04-08 00:41:55.917 [info] Got 1 sessions for ...
2026-04-08 00:41:56.017 [info] Getting sessions for all scopes...
2026-04-08 00:41:56.017 [info] Got 1 sessions for ...
2026-04-08 00:41:56.073 [info] Getting sessions for read:user,repo,user:email,workflow...
2026-04-08 00:41:56.073 [info] Got 1 sessions for read:user,repo,user:email,workflow...
2026-04-08 00:41:56.134 [info] Getting sessions for read:user,repo,user:email,workflow...
2026-04-08 00:41:56.134 [info] Got 1 sessions for read:user,repo,user:email,workflow...
2026-04-08 00:41:56.449 [info] Getting sessions for all scopes...
2026-04-08 00:41:56.449 [info] Got 1 sessions for ...
2026-04-08 00:41:56.449 [info] Getting sessions for all scopes...
2026-04-08 00:41:56.449 [info] Got 1 sessions for ...
2026-04-08 00:41:56.450 [info] Getting sessions for all scopes...
2026-04-08 00:41:56.450 [info] Got 1 sessions for ...
2026-04-08 00:41:56.733 [info] FetcherService: Node fetch failed with status: 429 Too Many Requests
2026-04-08 00:41:56.735 [info] Unable to resolve optional EDU details. Status: 429 Too Many Requests
2026-04-08 00:41:57.082 [info] Getting sessions for read:user,repo,user:email,workflow...
2026-04-08 00:41:57.082 [info] Got 1 sessions for read:user,repo,user:email,workflow...
2026-04-08 00:41:57.548 [info] Getting sessions for all scopes...
2026-04-08 00:41:57.548 [info] Got 1 sessions for ...
2026-04-08 00:41:57.548 [info] Getting sessions for all scopes...
2026-04-08 00:41:57.548 [info] Got 1 sessions for ...
2026-04-08 00:41:57.565 [info] Getting sessions for read:user,repo,user:email,workflow...
2026-04-08 00:41:57.565 [info] Got 1 sessions for read:user,repo,user:email,workflow...
2026-04-08 00:41:57.659 [info] Getting sessions for all scopes...
2026-04-08 00:41:57.659 [info] Got 1 sessions for ...
2026-04-08 00:41:57.659 [info] Getting sessions for all scopes...
2026-04-08 00:41:57.659 [info] Got 1 sessions for ...
2026-04-08 00:41:57.673 [info] Getting sessions for read:user,repo,user:email,workflow...
2026-04-08 00:41:57.673 [info] Got 1 sessions for read:user,repo,user:email,workflow...
2026-04-08 00:41:57.722 [info] Getting sessions for all scopes...
2026-04-08 00:41:57.722 [info] Got 1 sessions for ...
2026-04-08 00:41:57.723 [info] Getting sessions for all scopes...
2026-04-08 00:41:57.723 [info] Got 1 sessions for ...
2026-04-08 00:41:57.939 [info] Getting sessions for all scopes...
2026-04-08 00:41:57.939 [info] Got 1 sessions for ...
2026-04-08 00:41:57.940 [info] Getting sessions for read:user,repo,user:email,workflow...
2026-04-08 00:41:57.940 [info] Got 1 sessions for read:user,repo,user:email,workflow...
2026-04-08 00:41:58.189 [info] Getting sessions for all scopes...
2026-04-08 00:41:58.189 [info] Got 1 sessions for ...
2026-04-08 00:41:58.193 [info] Getting sessions for read:user,repo,user:email,workflow...
2026-04-08 00:41:58.193 [info] Got 1 sessions for read:user,repo,user:email,workflow...
2026-04-08 00:41:58.596 [info] Getting sessions for all scopes...
2026-04-08 00:41:58.596 [info] Got 1 sessions for ...
2026-04-08 00:41:58.597 [info] Getting sessions for read:user,repo,user:email,workflow...
2026-04-08 00:41:58.597 [info] Got 1 sessions for read:user,repo,user:email,workflow...
2026-04-08 00:42:04.981 [info] Getting sessions for all scopes...
2026-04-08 00:42:04.982 [info] Got 1 sessions for ...
2026-04-08 00:42:04.982 [info] Getting sessions for all scopes...
2026-04-08 00:42:04.982 [info] Got 1 sessions for ...
2026-04-08 00:42:08.593 [info] Reading sessions from keychain...
2026-04-08 00:42:08.593 [info] Getting sessions for all scopes...
2026-04-08 00:42:08.593 [info] Got stored sessions!
2026-04-08 00:42:08.593 [info] Got 1 verified sessions.
2026-04-08 00:42:08.593 [info] Got 1 sessions for ...
2026-04-08 00:42:08.593 [info] Getting sessions for all scopes...
2026-04-08 00:42:08.593 [info] Got 1 sessions for ...
2026-04-08 00:42:08.593 [info] Getting sessions for all scopes...
2026-04-08 00:42:08.593 [info] Got 1 sessions for ...
2026-04-08 00:42:08.593 [info] Getting sessions for all scopes...
2026-04-08 00:42:08.593 [info] Got 1 sessions for ...
2026-04-08 00:42:08.593 [info] Getting sessions for all scopes...
2026-04-08 00:42:08.593 [info] Got 1 sessions for ...
2026-04-08 00:42:10.277 [info] Getting sessions for all scopes...
2026-04-08 00:42:10.277 [info] Got 1 sessions for ...
2026-04-08 00:42:10.445 [info] Getting sessions for all scopes...
2026-04-08 00:42:10.445 [info] Got 1 sessions for ...
2026-04-08 00:42:10.445 [info] Getting sessions for all scopes...
2026-04-08 00:42:10.445 [info] Got 1 sessions for ...
2026-04-08 00:42:10.606 [info] Getting sessions for read:user,repo,user:email,workflow...
2026-04-08 00:42:10.606 [info] Got 1 sessions for read:user,repo,user:email,workflow...
2026-04-08 00:42:10.719 [info] Getting sessions for read:user,repo,user:email,workflow...
2026-04-08 00:42:10.719 [info] Got 1 sessions for read:user,repo,user:email,workflow...
2026-04-08 00:42:11.252 [info] Getting sessions for all scopes...
2026-04-08 00:42:11.252 [info] Got 1 sessions for ...
2026-04-08 00:42:11.252 [info] Getting sessions for all scopes...
2026-04-08 00:42:11.252 [info] Got 1 sessions for ...
2026-04-08 00:42:11.252 [info] Getting sessions for all scopes...
2026-04-08 00:42:11.252 [info] Got 1 sessions for ...
2026-04-08 00:42:11.273 [info] FetcherService: Node fetch failed with status: 429 Too Many Requests
2026-04-08 00:42:11.275 [info] Unable to resolve optional EDU details. Status: 429 Too Many Requests
2026-04-08 00:42:11.758 [info] Getting sessions for read:user,repo,user:email,workflow...
2026-04-08 00:42:11.758 [info] Got 1 sessions for read:user,repo,user:email,workflow...
2026-04-08 00:42:12.196 [info] Getting sessions for all scopes...
2026-04-08 00:42:12.196 [info] Got 1 sessions for ...
2026-04-08 00:42:12.196 [info] Getting sessions for all scopes...
2026-04-08 00:42:12.196 [info] Got 1 sessions for ...
2026-04-08 00:42:12.272 [info] Getting sessions for read:user,repo,user:email,workflow...
2026-04-08 00:42:12.272 [info] Got 1 sessions for read:user,repo,user:email,workflow...
2026-04-08 00:42:12.388 [info] Getting sessions for all scopes...
2026-04-08 00:42:12.388 [info] Got 1 sessions for ...
2026-04-08 00:42:12.389 [info] Getting sessions for all scopes...
2026-04-08 00:42:12.389 [info] Got 1 sessions for ...
2026-04-08 00:42:12.426 [info] Getting sessions for read:user,repo,user:email,workflow...
2026-04-08 00:42:12.426 [info] Got 1 sessions for read:user,repo,user:email,workflow...
2026-04-08 00:42:12.460 [info] Getting sessions for all scopes...
2026-04-08 00:42:12.460 [info] Got 1 sessions for ...
2026-04-08 00:42:12.462 [info] Getting sessions for all scopes...
2026-04-08 00:42:12.462 [info] Got 1 sessions for ...
2026-04-08 00:42:12.481 [info] Getting sessions for all scopes...
2026-04-08 00:42:12.481 [info] Got 1 sessions for ...
2026-04-08 00:42:12.483 [info] Getting sessions for read:user,repo,user:email,workflow...
2026-04-08 00:42:12.483 [info] Got 1 sessions for read:user,repo,user:email,workflow...
2026-04-08 00:42:12.678 [info] Getting sessions for all scopes...
2026-04-08 00:42:12.678 [info] Got 1 sessions for ...
2026-04-08 00:42:12.682 [info] Getting sessions for read:user,repo,user:email,workflow...
2026-04-08 00:42:12.682 [info] Got 1 sessions for read:user,repo,user:email,workflow...
2026-04-08 00:42:12.682 [info] Getting sessions for all scopes...
2026-04-08 00:42:12.682 [info] Got 1 sessions for ...
2026-04-08 00:42:12.684 [info] Getting sessions for read:user,repo,user:email,workflow...
2026-04-08 00:42:12.684 [info] Got 1 sessions for read:user,repo,user:email,workflow...
2026-04-08 00:42:12.698 [info] Getting sessions for all scopes...
2026-04-08 00:42:12.698 [info] Got 1 sessions for ...
2026-04-08 00:42:12.699 [info] Getting sessions for read:user,repo,user:email,workflow...
2026-04-08 00:42:12.699 [info] Got 1 sessions for read:user,repo,user:email,workflow...
2026-04-08 00:42:12.715 [info] Getting sessions for all scopes...
2026-04-08 00:42:12.715 [info] Got 1 sessions for ...
2026-04-08 00:42:12.722 [info] Getting sessions for read:user,repo,user:email,workflow...
2026-04-08 00:42:12.722 [info] Got 1 sessions for read:user,repo,user:email,workflow...
2026-04-08 00:42:12.733 [info] Getting sessions for all scopes...
2026-04-08 00:42:12.733 [info] Got 1 sessions for ...
2026-04-08 00:42:12.735 [info] Getting sessions for read:user,repo,user:email,workflow...
2026-04-08 00:42:12.735 [info] Got 1 sessions for read:user,repo,user:email,workflow...
2026-04-08 00:42:46.497 [info] Getting sessions for all scopes...
2026-04-08 00:42:46.497 [info] Got 1 sessions for ...
2026-04-08 00:42:46.498 [info] Getting sessions for all scopes...
2026-04-08 00:42:46.498 [info] Got 1 sessions for ...
2026-04-08 00:43:11.349 [info] Getting sessions for read:user,repo,user:email,workflow...
2026-04-08 00:43:11.349 [info] Got 1 sessions for read:user,repo,user:email,workflow...
2026-04-08 00:43:20.038 [info] Getting sessions for all scopes...
2026-04-08 00:43:20.038 [info] Got 1 sessions for ...
2026-04-08 00:43:20.038 [info] Getting sessions for all scopes...
2026-04-08 00:43:20.038 [info] Got 1 sessions for ...
2026-04-08 00:44:08.735 [info] Getting sessions for all scopes...
2026-04-08 00:44:08.735 [info] Got 1 sessions for ...
2026-04-08 00:44:08.736 [info] Getting sessions for all scopes...
2026-04-08 00:44:08.736 [info] Got 1 sessions for ...
2026-04-08 00:44:46.244 [info] Getting sessions for all scopes...
2026-04-08 00:44:46.244 [info] Got 1 sessions for ...
2026-04-08 00:44:46.245 [info] Getting sessions for all scopes...
2026-04-08 00:44:46.245 [info] Got 1 sessions for ...
2026-04-08 00:44:59.713 [info] Getting sessions for all scopes...
2026-04-08 00:44:59.713 [info] Got 1 sessions for ...
2026-04-08 00:44:59.714 [info] Getting sessions for all scopes...
2026-04-08 00:44:59.714 [info] Got 1 sessions for ...
2026-04-08 00:45:13.323 [info] Getting sessions for all scopes...
2026-04-08 00:45:13.323 [info] Got 1 sessions for ...
2026-04-08 00:45:13.323 [info] Getting sessions for all scopes...
2026-04-08 00:45:13.323 [info] Got 1 sessions for ...
2026-04-08 00:45:18.630 [info] Getting sessions for all scopes...
2026-04-08 00:45:18.630 [info] Got 1 sessions for ...
2026-04-08 00:45:18.631 [info] Getting sessions for all scopes...
2026-04-08 00:45:18.631 [info] Got 1 sessions for ...
2026-04-08 00:45:30.384 [info] Getting sessions for all scopes...
2026-04-08 00:45:30.384 [info] Got 1 sessions for ...
2026-04-08 00:45:30.385 [info] Getting sessions for all scopes...
2026-04-08 00:45:30.385 [info] Got 1 sessions for ...
2026-04-08 00:45:35.934 [info] Getting sessions for all scopes...
2026-04-08 00:45:35.934 [info] Got 1 sessions for ...
2026-04-08 00:45:35.935 [info] Getting sessions for all scopes...
2026-04-08 00:45:35.935 [info] Got 1 sessions for ...
2026-04-08 00:45:40.285 [info] Getting sessions for all scopes...
2026-04-08 00:45:40.285 [info] Got 1 sessions for ...
2026-04-08 00:45:40.286 [info] Getting sessions for all scopes...
2026-04-08 00:45:40.286 [info] Got 1 sessions for ...
2026-04-08 00:46:09.084 [info] Getting sessions for all scopes...
2026-04-08 00:46:09.084 [info] Got 1 sessions for ...
2026-04-08 00:46:09.084 [info] Getting sessions for all scopes...
2026-04-08 00:46:09.084 [info] Got 1 sessions for ...
2026-04-08 00:46:10.437 [info] Getting sessions for all scopes...
2026-04-08 00:46:10.437 [info] Got 1 sessions for ...
2026-04-08 00:46:10.437 [info] Getting sessions for all scopes...
2026-04-08 00:46:10.437 [info] Got 1 sessions for ...
2026-04-08 00:46:16.405 [info] Getting sessions for all scopes...
2026-04-08 00:46:16.405 [info] Got 1 sessions for ...
2026-04-08 00:46:16.406 [info] Getting sessions for all scopes...
2026-04-08 00:46:16.406 [info] Got 1 sessions for ...
2026-04-08 00:47:15.447 [info] Getting sessions for all scopes...
2026-04-08 00:47:15.447 [info] Got 1 sessions for ...
2026-04-08 00:47:15.448 [info] Getting sessions for all scopes...
2026-04-08 00:47:15.448 [info] Got 1 sessions for ...
2026-04-08 00:47:16.869 [info] Getting sessions for read:user,repo,user:email,workflow...
2026-04-08 00:47:16.869 [info] Got 1 sessions for read:user,repo,user:email,workflow...
2026-04-08 00:47:25.376 [info] Getting sessions for all scopes...
2026-04-08 00:47:25.376 [info] Got 1 sessions for ...
2026-04-08 00:47:25.376 [info] Getting sessions for all scopes...
2026-04-08 00:47:25.376 [info] Got 1 sessions for ...
2026-04-08 00:47:34.271 [info] Getting sessions for all scopes...
2026-04-08 00:47:34.271 [info] Got 1 sessions for ...
2026-04-08 00:47:34.272 [info] Getting sessions for all scopes...
2026-04-08 00:47:34.272 [info] Got 1 sessions for ...
2026-04-08 00:48:00.899 [info] Getting sessions for all scopes...
2026-04-08 00:48:00.899 [info] Got 1 sessions for ...
2026-04-08 00:48:00.900 [info] Getting sessions for all scopes...
2026-04-08 00:48:00.900 [info] Got 1 sessions for ...
2026-04-08 00:48:33.954 [info] Getting sessions for all scopes...
2026-04-08 00:48:33.954 [info] Got 1 sessions for ...
2026-04-08 00:48:33.955 [info] Getting sessions for all scopes...
2026-04-08 00:48:33.955 [info] Got 1 sessions for ...
2026-04-08 00:48:34.522 [info] Getting sessions for all scopes...
2026-04-08 00:48:34.522 [info] Got 1 sessions for ...
2026-04-08 00:48:34.523 [info] Getting sessions for read:user,repo,user:email,workflow...
2026-04-08 00:48:34.523 [info] Got 1 sessions for read:user,repo,user:email,workflow...
2026-04-08 00:48:36.208 [info] Getting sessions for read:user,repo,user:email,workflow...
2026-04-08 00:48:36.208 [info] Got 1 sessions for read:user,repo,user:email,workflow...
2026-04-08 00:49:33.111 [info] Getting sessions for all scopes...
2026-04-08 00:49:33.111 [info] Got 1 sessions for ...
2026-04-08 00:49:33.111 [info] Getting sessions for all scopes...
2026-04-08 00:49:33.111 [info] Got 1 sessions for ...
2026-04-08 00:49:53.572 [info] Getting sessions for all scopes...
2026-04-08 00:49:53.572 [info] Got 1 sessions for ...
2026-04-08 00:49:53.573 [info] Getting sessions for all scopes...
2026-04-08 00:49:53.573 [info] Got 1 sessions for ...
2026-04-08 00:50:13.565 [info] Getting sessions for all scopes...
2026-04-08 00:50:13.565 [info] Got 1 sessions for ...
2026-04-08 00:50:13.566 [info] Getting sessions for all scopes...
2026-04-08 00:50:13.566 [info] Got 1 sessions for ...
2026-04-08 00:50:52.199 [info] Getting sessions for all scopes...
2026-04-08 00:50:52.199 [info] Got 1 sessions for ...
2026-04-08 00:50:52.199 [info] Getting sessions for all scopes...
2026-04-08 00:50:52.199 [info] Got 1 sessions for ...
2026-04-08 00:50:56.800 [info] Getting sessions for all scopes...
2026-04-08 00:50:56.800 [info] Got 1 sessions for ...
2026-04-08 00:50:56.800 [info] Getting sessions for all scopes...
2026-04-08 00:50:56.800 [info] Got 1 sessions for ...
2026-04-08 00:50:58.146 [info] Getting sessions for all scopes...
2026-04-08 00:50:58.146 [info] Got 1 sessions for ...
2026-04-08 00:50:58.146 [info] Getting sessions for all scopes...
2026-04-08 00:50:58.146 [info] Got 1 sessions for ...
2026-04-08 00:51:32.626 [info] Getting sessions for all scopes...
2026-04-08 00:51:32.626 [info] Got 1 sessions for ...
2026-04-08 00:51:32.626 [info] Getting sessions for all scopes...
2026-04-08 00:51:32.626 [info] Got 1 sessions for ...
2026-04-08 00:51:42.192 [info] Getting sessions for all scopes...
2026-04-08 00:51:42.192 [info] Got 1 sessions for ...
2026-04-08 00:51:42.192 [info] Getting sessions for all scopes...
2026-04-08 00:51:42.192 [info] Got 1 sessions for ...
2026-04-08 00:51:55.080 [info] Getting sessions for all scopes...
2026-04-08 00:51:55.080 [info] Got 1 sessions for ...
2026-04-08 00:51:55.081 [info] Getting sessions for all scopes...
2026-04-08 00:51:55.081 [info] Got 1 sessions for ...
2026-04-08 00:53:28.597 [info] Getting sessions for all scopes...
2026-04-08 00:53:28.597 [info] Got 1 sessions for ...
2026-04-08 00:53:28.598 [info] Getting sessions for all scopes...
2026-04-08 00:53:28.598 [info] Got 1 sessions for ...
2026-04-08 00:56:28.024 [info] Getting sessions for all scopes...
2026-04-08 00:56:28.025 [info] Got 1 sessions for ...
2026-04-08 00:56:28.025 [info] Getting sessions for all scopes...
2026-04-08 00:56:28.025 [info] Got 1 sessions for ...
2026-04-08 00:57:34.963 [info] Getting sessions for all scopes...
2026-04-08 00:57:34.963 [info] Got 1 sessions for ...
2026-04-08 00:57:34.964 [info] Getting sessions for all scopes...
2026-04-08 00:57:34.964 [info] Got 1 sessions for ...
2026-04-08 00:58:28.398 [info] Getting sessions for all scopes...
2026-04-08 00:58:28.398 [info] Got 1 sessions for ...
2026-04-08 00:58:28.399 [info] Getting sessions for all scopes...
2026-04-08 00:58:28.399 [info] Got 1 sessions for ...
2026-04-08 00:58:30.276 [info] Getting sessions for all scopes...
2026-04-08 00:58:30.276 [info] Got 1 sessions for ...
2026-04-08 00:58:30.276 [info] Getting sessions for all scopes...
2026-04-08 00:58:30.276 [info] Got 1 sessions for ...
2026-04-08 00:58:34.509 [info] Getting sessions for all scopes...
2026-04-08 00:58:34.509 [info] Got 1 sessions for ...
2026-04-08 00:58:34.510 [info] Getting sessions for read:user,repo,user:email,workflow...
2026-04-08 00:58:34.510 [info] Got 1 sessions for read:user,repo,user:email,workflow...
2026-04-08 00:58:35.276 [info] Getting sessions for all scopes...
2026-04-08 00:58:35.276 [info] Got 1 sessions for ...
2026-04-08 00:58:35.276 [info] Getting sessions for all scopes...
2026-04-08 00:58:35.276 [info] Got 1 sessions for ...
2026-04-08 00:58:57.450 [info] Getting sessions for all scopes...
2026-04-08 00:58:57.450 [info] Got 1 sessions for ...
2026-04-08 00:58:57.451 [info] Getting sessions for all scopes...
2026-04-08 00:58:57.451 [info] Got 1 sessions for ...
2026-04-08 00:59:32.946 [info] Getting sessions for all scopes...
2026-04-08 00:59:32.946 [info] Got 1 sessions for ...
2026-04-08 00:59:32.946 [info] Getting sessions for all scopes...
2026-04-08 00:59:32.946 [info] Got 1 sessions for ...
2026-04-08 00:59:54.742 [info] Getting sessions for all scopes...
2026-04-08 00:59:54.742 [info] Got 1 sessions for ...
2026-04-08 00:59:54.742 [info] Getting sessions for all scopes...
2026-04-08 00:59:54.742 [info] Got 1 sessions for ...
2026-04-08 01:00:16.685 [info] Getting sessions for all scopes...
2026-04-08 01:00:16.685 [info] Got 1 sessions for ...
2026-04-08 01:00:16.686 [info] Getting sessions for all scopes...
2026-04-08 01:00:16.686 [info] Got 1 sessions for ...
2026-04-08 01:01:18.801 [info] Getting sessions for all scopes...
2026-04-08 01:01:18.801 [info] Got 1 sessions for ...
2026-04-08 01:01:18.801 [info] Getting sessions for all scopes...
2026-04-08 01:01:18.801 [info] Got 1 sessions for ...
2026-04-08 01:01:36.475 [info] Getting sessions for all scopes...
2026-04-08 01:01:36.475 [info] Got 1 sessions for ...
2026-04-08 01:01:36.475 [info] Getting sessions for all scopes...
2026-04-08 01:01:36.475 [info] Got 1 sessions for ...
2026-04-08 01:01:41.777 [info] Getting sessions for all scopes...
2026-04-08 01:01:41.777 [info] Got 1 sessions for ...
2026-04-08 01:01:41.777 [info] Getting sessions for all scopes...
2026-04-08 01:01:41.777 [info] Got 1 sessions for ...
2026-04-08 01:01:56.592 [info] Getting sessions for all scopes...
2026-04-08 01:01:56.592 [info] Got 1 sessions for ...
2026-04-08 01:01:56.592 [info] Getting sessions for all scopes...
2026-04-08 01:01:56.593 [info] Got 1 sessions for ...
2026-04-08 01:02:02.959 [info] Getting sessions for all scopes...
2026-04-08 01:02:02.959 [info] Got 1 sessions for ...
2026-04-08 01:02:02.959 [info] Getting sessions for all scopes...
2026-04-08 01:02:02.959 [info] Got 1 sessions for ...
2026-04-08 01:02:41.289 [info] Getting sessions for all scopes...
2026-04-08 01:02:41.289 [info] Got 1 sessions for ...
2026-04-08 01:02:41.290 [info] Getting sessions for all scopes...
2026-04-08 01:02:41.290 [info] Got 1 sessions for ...
2026-04-08 01:02:50.409 [info] Getting sessions for all scopes...
2026-04-08 01:02:50.409 [info] Got 1 sessions for ...
2026-04-08 01:02:50.411 [info] Getting sessions for all scopes...
2026-04-08 01:02:50.411 [info] Got 1 sessions for ...
2026-04-08 01:02:51.410 [info] Getting sessions for all scopes...
2026-04-08 01:02:51.410 [info] Got 1 sessions for ...
2026-04-08 01:02:51.410 [info] Getting sessions for all scopes...
2026-04-08 01:02:51.410 [info] Got 1 sessions for ...
2026-04-08 01:03:19.852 [info] Getting sessions for all scopes...
2026-04-08 01:03:19.852 [info] Got 1 sessions for ...
2026-04-08 01:03:19.852 [info] Getting sessions for all scopes...
2026-04-08 01:03:19.852 [info] Got 1 sessions for ...
2026-04-08 01:04:20.382 [info] Getting sessions for all scopes...
2026-04-08 01:04:20.382 [info] Got 1 sessions for ...
2026-04-08 01:04:20.382 [info] Getting sessions for all scopes...
2026-04-08 01:04:20.382 [info] Got 1 sessions for ...
2026-04-08 01:04:22.123 [info] Getting sessions for all scopes...
2026-04-08 01:04:22.123 [info] Got 1 sessions for ...
2026-04-08 01:04:22.124 [info] Getting sessions for all scopes...
2026-04-08 01:04:22.124 [info] Got 1 sessions for ...
2026-04-08 01:04:59.949 [info] Getting sessions for all scopes...
2026-04-08 01:04:59.949 [info] Got 1 sessions for ...
2026-04-08 01:04:59.949 [info] Getting sessions for read:user,repo,user:email,workflow...
2026-04-08 01:04:59.949 [info] Got 1 sessions for read:user,repo,user:email,workflow...
2026-04-08 01:05:00.405 [info] Getting sessions for all scopes...
2026-04-08 01:05:00.405 [info] Got 1 sessions for ...
2026-04-08 01:05:00.405 [info] Getting sessions for all scopes...
2026-04-08 01:05:00.405 [info] Got 1 sessions for ...
2026-04-08 01:05:00.406 [info] Getting sessions for read:user,repo,user:email,workflow...
2026-04-08 01:05:00.406 [info] Got 1 sessions for read:user,repo,user:email,workflow...
2026-04-08 01:05:00.412 [info] Getting sessions for all scopes...
2026-04-08 01:05:00.412 [info] Got 1 sessions for ...
2026-04-08 01:05:00.413 [info] Getting sessions for read:user,repo,user:email,workflow...
2026-04-08 01:05:00.413 [info] Got 1 sessions for read:user,repo,user:email,workflow...
2026-04-08 01:05:47.737 [info] Getting sessions for all scopes...
2026-04-08 01:05:47.737 [info] Got 1 sessions for ...
2026-04-08 01:05:47.737 [info] Getting sessions for all scopes...
2026-04-08 01:05:47.737 [info] Got 1 sessions for ...
2026-04-08 01:05:52.390 [info] Getting sessions for all scopes...
2026-04-08 01:05:52.390 [info] Got 1 sessions for ...
2026-04-08 01:05:52.396 [info] Getting sessions for all scopes...
2026-04-08 01:05:52.396 [info] Got 1 sessions for ...
2026-04-08 01:06:04.079 [info] Getting sessions for all scopes...
2026-04-08 01:06:04.079 [info] Got 1 sessions for ...
2026-04-08 01:06:04.079 [info] Getting sessions for all scopes...
2026-04-08 01:06:04.079 [info] Got 1 sessions for ...
2026-04-08 01:06:11.679 [info] Getting sessions for all scopes...
2026-04-08 01:06:11.679 [info] Got 1 sessions for ...
2026-04-08 01:06:11.687 [info] Getting sessions for all scopes...
2026-04-08 01:06:11.687 [info] Got 1 sessions for ...
2026-04-08 01:06:38.739 [info] Getting sessions for all scopes...
2026-04-08 01:06:38.739 [info] Got 1 sessions for ...
2026-04-08 01:06:38.740 [info] Getting sessions for all scopes...
2026-04-08 01:06:38.740 [info] Got 1 sessions for ...
2026-04-08 01:06:41.284 [info] Getting sessions for all scopes...
2026-04-08 01:06:41.284 [info] Got 1 sessions for ...
2026-04-08 01:06:41.285 [info] Getting sessions for all scopes...
2026-04-08 01:06:41.285 [info] Got 1 sessions for ...
2026-04-08 01:06:47.457 [info] Getting sessions for all scopes...
2026-04-08 01:06:47.457 [info] Got 1 sessions for ...
2026-04-08 01:06:47.457 [info] Getting sessions for all scopes...
2026-04-08 01:06:47.457 [info] Got 1 sessions for ...
2026-04-08 01:07:09.288 [info] Getting sessions for all scopes...
2026-04-08 01:07:09.288 [info] Got 1 sessions for ...
2026-04-08 01:07:09.289 [info] Getting sessions for all scopes...
2026-04-08 01:07:09.289 [info] Got 1 sessions for ...
2026-04-08 01:07:13.735 [info] Getting sessions for all scopes...
2026-04-08 01:07:13.735 [info] Got 1 sessions for ...
2026-04-08 01:07:13.736 [info] Getting sessions for all scopes...
2026-04-08 01:07:13.736 [info] Got 1 sessions for ...
2026-04-08 01:07:16.972 [info] Getting sessions for all scopes...
2026-04-08 01:07:16.972 [info] Got 1 sessions for ...
2026-04-08 01:07:16.972 [info] Getting sessions for all scopes...
2026-04-08 01:07:16.972 [info] Got 1 sessions for ...
2026-04-08 01:07:21.840 [info] Getting sessions for all scopes...
2026-04-08 01:07:21.840 [info] Got 1 sessions for ...
2026-04-08 01:07:21.842 [info] Getting sessions for all scopes...
2026-04-08 01:07:21.842 [info] Got 1 sessions for ...
2026-04-08 01:07:38.453 [info] Getting sessions for all scopes...
2026-04-08 01:07:38.453 [info] Got 1 sessions for ...
2026-04-08 01:07:38.453 [info] Getting sessions for all scopes...
2026-04-08 01:07:38.453 [info] Got 1 sessions for ...
2026-04-08 01:08:34.509 [info] Getting sessions for all scopes...
2026-04-08 01:08:34.509 [info] Got 1 sessions for ...
2026-04-08 01:08:34.510 [info] Getting sessions for read:user,repo,user:email,workflow...
2026-04-08 01:08:34.510 [info] Got 1 sessions for read:user,repo,user:email,workflow...
2026-04-08 01:09:03.594 [info] Getting sessions for all scopes...
2026-04-08 01:09:03.594 [info] Got 1 sessions for ...
2026-04-08 01:09:03.594 [info] Getting sessions for all scopes...
2026-04-08 01:09:03.594 [info] Got 1 sessions for ...
2026-04-08 01:09:07.646 [info] Getting sessions for all scopes...
2026-04-08 01:09:07.646 [info] Got 1 sessions for ...
2026-04-08 01:09:07.647 [info] Getting sessions for all scopes...
2026-04-08 01:09:07.647 [info] Got 1 sessions for ...
2026-04-08 01:09:20.453 [info] Getting sessions for all scopes...
2026-04-08 01:09:20.453 [info] Got 1 sessions for ...
2026-04-08 01:09:20.453 [info] Getting sessions for all scopes...
2026-04-08 01:09:20.453 [info] Got 1 sessions for ...
2026-04-08 01:10:04.208 [info] Getting sessions for all scopes...
2026-04-08 01:10:04.208 [info] Got 1 sessions for ...
2026-04-08 01:10:04.209 [info] Getting sessions for all scopes...
2026-04-08 01:10:04.209 [info] Got 1 sessions for ...
2026-04-08 01:10:17.123 [info] Getting sessions for all scopes...
2026-04-08 01:10:17.123 [info] Got 1 sessions for ...
2026-04-08 01:10:17.123 [info] Getting sessions for all scopes...
2026-04-08 01:10:17.123 [info] Got 1 sessions for ...
2026-04-08 01:10:40.011 [info] Getting sessions for all scopes...
2026-04-08 01:10:40.011 [info] Got 1 sessions for ...
2026-04-08 01:10:40.011 [info] Getting sessions for all scopes...
2026-04-08 01:10:40.011 [info] Got 1 sessions for ...
2026-04-08 01:10:44.628 [info] Getting sessions for all scopes...
2026-04-08 01:10:44.628 [info] Got 1 sessions for ...
2026-04-08 01:10:44.629 [info] Getting sessions for all scopes...
2026-04-08 01:10:44.629 [info] Got 1 sessions for ...
2026-04-08 01:10:49.260 [info] Getting sessions for all scopes...
2026-04-08 01:10:49.260 [info] Got 1 sessions for ...
2026-04-08 01:10:49.260 [info] Getting sessions for all scopes...
2026-04-08 01:10:49.260 [info] Got 1 sessions for ...
2026-04-08 01:11:06.209 [info] Getting sessions for all scopes...
2026-04-08 01:11:06.209 [info] Got 1 sessions for ...
2026-04-08 01:11:06.209 [info] Getting sessions for all scopes...
2026-04-08 01:11:06.209 [info] Got 1 sessions for ...
2026-04-08 01:11:26.161 [info] Getting sessions for all scopes...
2026-04-08 01:11:26.161 [info] Got 1 sessions for ...
2026-04-08 01:11:26.161 [info] Getting sessions for all scopes...
2026-04-08 01:11:26.161 [info] Got 1 sessions for ...
2026-04-08 01:11:58.812 [info] Getting sessions for all scopes...
2026-04-08 01:11:58.812 [info] Got 1 sessions for ...
2026-04-08 01:11:58.813 [info] Getting sessions for all scopes...
2026-04-08 01:11:58.813 [info] Got 1 sessions for ...
2026-04-08 01:12:32.735 [info] Getting sessions for all scopes...
2026-04-08 01:12:32.735 [info] Got 1 sessions for ...
2026-04-08 01:12:32.736 [info] Getting sessions for all scopes...
2026-04-08 01:12:32.736 [info] Got 1 sessions for ...
2026-04-08 01:13:22.785 [info] Getting sessions for all scopes...
2026-04-08 01:13:22.785 [info] Got 1 sessions for ...
2026-04-08 01:13:22.785 [info] Getting sessions for all scopes...
2026-04-08 01:13:22.785 [info] Got 1 sessions for ...
2026-04-08 01:13:31.659 [info] Getting sessions for all scopes...
2026-04-08 01:13:31.659 [info] Got 1 sessions for ...
2026-04-08 01:13:31.659 [info] Getting sessions for all scopes...
2026-04-08 01:13:31.659 [info] Got 1 sessions for ...
2026-04-08 01:13:39.074 [info] Getting sessions for all scopes...
2026-04-08 01:13:39.074 [info] Got 1 sessions for ...
2026-04-08 01:13:39.074 [info] Getting sessions for all scopes...
2026-04-08 01:13:39.074 [info] Got 1 sessions for ...
2026-04-08 01:14:14.618 [info] Getting sessions for all scopes...
2026-04-08 01:14:14.618 [info] Got 1 sessions for ...
2026-04-08 01:14:14.618 [info] Getting sessions for all scopes...
2026-04-08 01:14:14.618 [info] Got 1 sessions for ...
2026-04-08 01:15:01.833 [info] Getting sessions for all scopes...
2026-04-08 01:15:01.833 [info] Got 1 sessions for ...
2026-04-08 01:15:01.835 [info] Getting sessions for all scopes...
2026-04-08 01:15:01.835 [info] Got 1 sessions for ...
2026-04-08 01:15:02.236 [info] Getting sessions for all scopes...
2026-04-08 01:15:02.236 [info] Got 1 sessions for ...
2026-04-08 01:15:02.237 [info] Getting sessions for all scopes...
2026-04-08 01:15:02.237 [info] Got 1 sessions for ...
2026-04-08 01:15:09.747 [info] Getting sessions for all scopes...
2026-04-08 01:15:09.748 [info] Got 1 sessions for ...
2026-04-08 01:15:09.748 [info] Getting sessions for all scopes...
2026-04-08 01:15:09.748 [info] Got 1 sessions for ...
2026-04-08 01:15:42.559 [info] Getting sessions for all scopes...
2026-04-08 01:15:42.559 [info] Got 1 sessions for ...
2026-04-08 01:15:42.559 [info] Getting sessions for all scopes...
2026-04-08 01:15:42.559 [info] Got 1 sessions for ...
2026-04-08 01:16:18.496 [info] Getting sessions for all scopes...
2026-04-08 01:16:18.496 [info] Got 1 sessions for ...
2026-04-08 01:16:18.498 [info] Getting sessions for all scopes...
2026-04-08 01:16:18.498 [info] Got 1 sessions for ...
2026-04-08 01:16:21.104 [info] Getting sessions for all scopes...
2026-04-08 01:16:21.104 [info] Got 1 sessions for ...
2026-04-08 01:16:21.105 [info] Getting sessions for all scopes...
2026-04-08 01:16:21.105 [info] Got 1 sessions for ...
2026-04-08 01:16:34.263 [info] Getting sessions for all scopes...
2026-04-08 01:16:34.263 [info] Got 1 sessions for ...
2026-04-08 01:16:34.263 [info] Getting sessions for all scopes...
2026-04-08 01:16:34.263 [info] Got 1 sessions for ...
2026-04-08 01:16:36.848 [info] Getting sessions for all scopes...
2026-04-08 01:16:36.848 [info] Got 1 sessions for ...
2026-04-08 01:16:36.848 [info] Getting sessions for all scopes...
2026-04-08 01:16:36.848 [info] Got 1 sessions for ...
2026-04-08 01:16:40.310 [info] Getting sessions for all scopes...
2026-04-08 01:16:40.310 [info] Got 1 sessions for ...
2026-04-08 01:16:40.310 [info] Getting sessions for all scopes...
2026-04-08 01:16:40.310 [info] Got 1 sessions for ...
2026-04-08 01:16:44.434 [info] Getting sessions for all scopes...
2026-04-08 01:16:44.434 [info] Got 1 sessions for ...
2026-04-08 01:16:44.434 [info] Getting sessions for all scopes...
2026-04-08 01:16:44.435 [info] Got 1 sessions for ...
2026-04-08 01:16:47.009 [info] Getting sessions for all scopes...
2026-04-08 01:16:47.009 [info] Got 1 sessions for ...
2026-04-08 01:16:47.009 [info] Getting sessions for all scopes...
2026-04-08 01:16:47.009 [info] Got 1 sessions for ...
2026-04-08 01:16:56.460 [info] Getting sessions for all scopes...
2026-04-08 01:16:56.460 [info] Got 1 sessions for ...
2026-04-08 01:16:56.461 [info] Getting sessions for all scopes...
2026-04-08 01:16:56.461 [info] Got 1 sessions for ...
2026-04-08 01:17:35.933 [info] Getting sessions for all scopes...
2026-04-08 01:17:35.933 [info] Got 1 sessions for ...
2026-04-08 01:17:35.934 [info] Getting sessions for all scopes...
2026-04-08 01:17:35.934 [info] Got 1 sessions for ...
2026-04-08 01:17:48.534 [info] Getting sessions for all scopes...
2026-04-08 01:17:48.534 [info] Got 1 sessions for ...
2026-04-08 01:17:48.534 [info] Getting sessions for all scopes...
2026-04-08 01:17:48.534 [info] Got 1 sessions for ...
2026-04-08 01:17:51.981 [info] Getting sessions for all scopes...
2026-04-08 01:17:51.981 [info] Got 1 sessions for ...
2026-04-08 01:17:51.982 [info] Getting sessions for all scopes...
2026-04-08 01:17:51.982 [info] Got 1 sessions for ...
2026-04-08 01:17:59.110 [info] Getting sessions for all scopes...
2026-04-08 01:17:59.110 [info] Got 1 sessions for ...
2026-04-08 01:17:59.110 [info] Getting sessions for all scopes...
2026-04-08 01:17:59.110 [info] Got 1 sessions for ...
2026-04-08 01:18:34.509 [info] Getting sessions for all scopes...
2026-04-08 01:18:34.510 [info] Got 1 sessions for ...
2026-04-08 01:18:34.510 [info] Getting sessions for read:user,repo,user:email,workflow...
2026-04-08 01:18:34.510 [info] Got 1 sessions for read:user,repo,user:email,workflow...
2026-04-08 01:18:59.505 [info] Getting sessions for all scopes...
2026-04-08 01:18:59.505 [info] Got 1 sessions for ...
2026-04-08 01:18:59.505 [info] Getting sessions for all scopes...
2026-04-08 01:18:59.505 [info] Got 1 sessions for ...
2026-04-08 01:19:07.911 [info] Getting sessions for all scopes...
2026-04-08 01:19:07.911 [info] Got 1 sessions for ...
2026-04-08 01:19:07.912 [info] Getting sessions for all scopes...
2026-04-08 01:19:07.912 [info] Got 1 sessions for ...
2026-04-08 01:19:08.585 [info] Getting sessions for all scopes...
2026-04-08 01:19:08.585 [info] Got 1 sessions for ...
2026-04-08 01:19:08.585 [info] Getting sessions for all scopes...
2026-04-08 01:19:08.585 [info] Got 1 sessions for ...
2026-04-08 01:19:17.568 [info] Getting sessions for all scopes...
2026-04-08 01:19:17.568 [info] Got 1 sessions for ...
2026-04-08 01:19:17.568 [info] Getting sessions for all scopes...
2026-04-08 01:19:17.568 [info] Got 1 sessions for ...
2026-04-08 01:19:35.959 [info] Getting sessions for all scopes...
2026-04-08 01:19:35.959 [info] Got 1 sessions for ...
2026-04-08 01:19:35.959 [info] Getting sessions for all scopes...
2026-04-08 01:19:35.959 [info] Got 1 sessions for ...
2026-04-08 01:19:37.083 [info] Getting sessions for all scopes...
2026-04-08 01:19:37.083 [info] Got 1 sessions for ...
2026-04-08 01:19:37.083 [info] Getting sessions for all scopes...
2026-04-08 01:19:37.083 [info] Got 1 sessions for ...
2026-04-08 01:19:44.988 [info] Getting sessions for all scopes...
2026-04-08 01:19:44.988 [info] Got 1 sessions for ...
2026-04-08 01:19:44.988 [info] Getting sessions for all scopes...
2026-04-08 01:19:44.988 [info] Got 1 sessions for ...
2026-04-08 01:21:00.288 [info] Getting sessions for all scopes...
2026-04-08 01:21:00.288 [info] Got 1 sessions for ...
2026-04-08 01:21:00.288 [info] Getting sessions for all scopes...
2026-04-08 01:21:00.288 [info] Got 1 sessions for ...
2026-04-08 01:21:20.807 [info] Getting sessions for all scopes...
2026-04-08 01:21:20.807 [info] Got 1 sessions for ...
2026-04-08 01:21:20.808 [info] Getting sessions for all scopes...
2026-04-08 01:21:20.808 [info] Got 1 sessions for ...
2026-04-08 01:21:53.008 [info] Getting sessions for all scopes...
2026-04-08 01:21:53.008 [info] Got 1 sessions for ...
2026-04-08 01:21:53.009 [info] Getting sessions for all scopes...
2026-04-08 01:21:53.009 [info] Got 1 sessions for ...
2026-04-08 01:22:36.311 [info] Getting sessions for all scopes...
2026-04-08 01:22:36.311 [info] Got 1 sessions for ...
2026-04-08 01:22:36.312 [info] Getting sessions for all scopes...
2026-04-08 01:22:36.312 [info] Got 1 sessions for ...
2026-04-08 01:23:18.309 [info] Getting sessions for all scopes...
2026-04-08 01:23:18.309 [info] Got 1 sessions for ...
2026-04-08 01:23:18.309 [info] Getting sessions for all scopes...
2026-04-08 01:23:18.309 [info] Got 1 sessions for ...
2026-04-08 01:23:23.869 [info] Getting sessions for all scopes...
2026-04-08 01:23:23.869 [info] Got 1 sessions for ...
2026-04-08 01:23:23.869 [info] Getting sessions for all scopes...
2026-04-08 01:23:23.869 [info] Got 1 sessions for ...
2026-04-08 01:24:21.231 [info] Getting sessions for all scopes...
2026-04-08 01:24:21.231 [info] Got 1 sessions for ...
2026-04-08 01:24:21.243 [info] Getting sessions for all scopes...
2026-04-08 01:24:21.243 [info] Got 1 sessions for ...
2026-04-08 01:24:36.023 [info] Getting sessions for all scopes...
2026-04-08 01:24:36.023 [info] Got 1 sessions for ...
2026-04-08 01:24:36.023 [info] Getting sessions for all scopes...
2026-04-08 01:24:36.023 [info] Got 1 sessions for ...
2026-04-08 01:26:13.356 [info] Getting sessions for all scopes...
2026-04-08 01:26:13.356 [info] Got 1 sessions for ...
2026-04-08 01:26:13.356 [info] Getting sessions for all scopes...
2026-04-08 01:26:13.356 [info] Got 1 sessions for ...
2026-04-08 01:26:30.571 [info] Getting sessions for all scopes...
2026-04-08 01:26:30.571 [info] Got 1 sessions for ...
2026-04-08 01:26:30.571 [info] Getting sessions for all scopes...
2026-04-08 01:26:30.571 [info] Got 1 sessions for ...
2026-04-08 01:27:20.714 [info] Getting sessions for all scopes...
2026-04-08 01:27:20.714 [info] Got 1 sessions for ...
2026-04-08 01:27:20.714 [info] Getting sessions for all scopes...
2026-04-08 01:27:20.714 [info] Got 1 sessions for ...
2026-04-08 01:27:41.683 [info] Getting sessions for all scopes...
2026-04-08 01:27:41.683 [info] Got 1 sessions for ...
2026-04-08 01:27:41.684 [info] Getting sessions for all scopes...
2026-04-08 01:27:41.684 [info] Got 1 sessions for ...
2026-04-08 01:28:34.510 [info] Getting sessions for all scopes...
2026-04-08 01:28:34.510 [info] Got 1 sessions for ...
2026-04-08 01:28:34.511 [info] Getting sessions for read:user,repo,user:email,workflow...
2026-04-08 01:28:34.511 [info] Got 1 sessions for read:user,repo,user:email,workflow...
2026-04-08 01:28:53.222 [info] Getting sessions for all scopes...
2026-04-08 01:28:53.222 [info] Got 1 sessions for ...
2026-04-08 01:28:53.222 [info] Getting sessions for all scopes...
2026-04-08 01:28:53.222 [info] Got 1 sessions for ...
2026-04-08 01:29:17.675 [info] Getting sessions for all scopes...
2026-04-08 01:29:17.675 [info] Got 1 sessions for ...
2026-04-08 01:29:17.675 [info] Getting sessions for all scopes...
2026-04-08 01:29:17.675 [info] Got 1 sessions for ...
2026-04-08 01:30:39.938 [info] Getting sessions for all scopes...
2026-04-08 01:30:39.938 [info] Got 1 sessions for ...
2026-04-08 01:30:39.938 [info] Getting sessions for all scopes...
2026-04-08 01:30:39.938 [info] Got 1 sessions for ...
2026-04-08 01:33:01.370 [info] Getting sessions for all scopes...
2026-04-08 01:33:01.370 [info] Got 1 sessions for ...
2026-04-08 01:33:01.370 [info] Getting sessions for all scopes...
2026-04-08 01:33:01.370 [info] Got 1 sessions for ...
2026-04-08 01:34:17.449 [info] Getting sessions for all scopes...
2026-04-08 01:34:17.449 [info] Got 1 sessions for ...
2026-04-08 01:34:17.449 [info] Getting sessions for all scopes...
2026-04-08 01:34:17.449 [info] Got 1 sessions for ...
2026-04-08 01:35:42.972 [info] Getting sessions for all scopes...
2026-04-08 01:35:42.972 [info] Got 1 sessions for ...
2026-04-08 01:35:42.973 [info] Getting sessions for all scopes...
2026-04-08 01:35:42.973 [info] Got 1 sessions for ...
2026-04-08 01:35:51.965 [info] Getting sessions for all scopes...
2026-04-08 01:35:51.965 [info] Got 1 sessions for ...
2026-04-08 01:35:51.965 [info] Getting sessions for all scopes...
2026-04-08 01:35:51.965 [info] Got 1 sessions for ...
2026-04-08 01:36:05.275 [info] Getting sessions for all scopes...
2026-04-08 01:36:05.275 [info] Got 1 sessions for ...
2026-04-08 01:36:05.276 [info] Getting sessions for all scopes...
2026-04-08 01:36:05.276 [info] Got 1 sessions for ...
2026-04-08 01:36:10.660 [info] Getting sessions for all scopes...
2026-04-08 01:36:10.660 [info] Got 1 sessions for ...
2026-04-08 01:36:10.661 [info] Getting sessions for all scopes...
2026-04-08 01:36:10.661 [info] Got 1 sessions for ...
2026-04-08 01:36:16.376 [info] Getting sessions for all scopes...
2026-04-08 01:36:16.376 [info] Got 1 sessions for ...
2026-04-08 01:36:16.376 [info] Getting sessions for all scopes...
2026-04-08 01:36:16.376 [info] Got 1 sessions for ...
2026-04-08 01:36:23.680 [info] Getting sessions for all scopes...
2026-04-08 01:36:23.680 [info] Got 1 sessions for ...
2026-04-08 01:36:23.680 [info] Getting sessions for all scopes...
2026-04-08 01:36:23.680 [info] Got 1 sessions for ...
2026-04-08 01:37:50.895 [info] Getting sessions for all scopes...
2026-04-08 01:37:50.895 [info] Got 1 sessions for ...
2026-04-08 01:37:50.895 [info] Getting sessions for all scopes...
2026-04-08 01:37:50.895 [info] Got 1 sessions for ...
