2026-04-08 00:37:53.433 [info] Reading sessions from keychain...
2026-04-08 00:37:53.433 [info] Getting sessions for all scopes...
2026-04-08 00:37:53.582 [info] Got stored sessions!
2026-04-08 00:37:53.582 [info] Got 1 verified sessions.
2026-04-08 00:37:53.582 [info] Got 1 sessions for ...
2026-04-08 00:37:53.582 [info] Getting sessions for all scopes...
2026-04-08 00:37:53.582 [info] Got 1 sessions for ...
2026-04-08 00:37:53.654 [info] Getting sessions for all scopes...
2026-04-08 00:37:53.654 [info] Got 1 sessions for ...
2026-04-08 00:37:53.714 [info] Getting sessions for all scopes...
2026-04-08 00:37:53.714 [info] Got 1 sessions for ...
2026-04-08 00:37:55.478 [info] Getting sessions for all scopes...
2026-04-08 00:37:55.478 [info] Got 1 sessions for ...
2026-04-08 00:37:55.625 [info] Getting sessions for all scopes...
2026-04-08 00:37:55.625 [info] Got 1 sessions for ...
2026-04-08 00:37:55.625 [info] Getting sessions for all scopes...
2026-04-08 00:37:55.625 [info] Got 1 sessions for ...
2026-04-08 00:37:55.824 [info] Getting sessions for read:user,repo,user:email,workflow...
2026-04-08 00:37:55.824 [info] Got 1 sessions for read:user,repo,user:email,workflow...
2026-04-08 00:37:55.896 [info] Getting sessions for read:user,repo,user:email,workflow...
2026-04-08 00:37:55.896 [info] Got 1 sessions for read:user,repo,user:email,workflow...
2026-04-08 00:37:55.930 [info] Getting sessions for all scopes...
2026-04-08 00:37:55.930 [info] Got 1 sessions for ...
2026-04-08 00:37:55.931 [info] Getting sessions for read:user,repo,user:email,workflow...
2026-04-08 00:37:55.931 [info] Got 1 sessions for read:user,repo,user:email,workflow...
2026-04-08 00:37:56.080 [info] Getting sessions for all scopes...
2026-04-08 00:37:56.080 [info] Got 1 sessions for ...
2026-04-08 00:37:56.080 [info] Getting sessions for all scopes...
2026-04-08 00:37:56.080 [info] Got 1 sessions for ...
2026-04-08 00:37:56.082 [info] Getting sessions for read:user,repo,user:email,workflow...
2026-04-08 00:37:56.082 [info] Got 1 sessions for read:user,repo,user:email,workflow...
2026-04-08 00:37:56.315 [info] FetcherService: Node fetch failed with status: 429 Too Many Requests
2026-04-08 00:37:56.317 [info] Unable to resolve optional EDU details. Status: 429 Too Many Requests
2026-04-08 00:37:56.718 [info] Getting sessions for all scopes...
2026-04-08 00:37:56.718 [info] Got 1 sessions for ...
2026-04-08 00:37:56.718 [info] Getting sessions for all scopes...
2026-04-08 00:37:56.718 [info] Got 1 sessions for ...
2026-04-08 00:37:56.719 [info] Getting sessions for read:user,repo,user:email,workflow...
2026-04-08 00:37:56.719 [info] Got 1 sessions for read:user,repo,user:email,workflow...
2026-04-08 00:37:56.799 [info] Getting sessions for all scopes...
2026-04-08 00:37:56.799 [info] Got 1 sessions for ...
2026-04-08 00:37:56.799 [info] Getting sessions for all scopes...
2026-04-08 00:37:56.799 [info] Got 1 sessions for ...
2026-04-08 00:37:56.837 [info] Getting sessions for read:user,repo,user:email,workflow...
2026-04-08 00:37:56.837 [info] Got 1 sessions for read:user,repo,user:email,workflow...
2026-04-08 00:37:56.870 [info] Getting sessions for all scopes...
2026-04-08 00:37:56.870 [info] Got 1 sessions for ...
2026-04-08 00:37:56.871 [info] Getting sessions for all scopes...
2026-04-08 00:37:56.871 [info] Got 1 sessions for ...
2026-04-08 00:37:57.083 [info] Getting sessions for all scopes...
2026-04-08 00:37:57.083 [info] Got 1 sessions for ...
2026-04-08 00:37:57.084 [info] Getting sessions for read:user,repo,user:email,workflow...
2026-04-08 00:37:57.084 [info] Got 1 sessions for read:user,repo,user:email,workflow...
2026-04-08 00:37:57.332 [info] Getting sessions for all scopes...
2026-04-08 00:37:57.332 [info] Got 1 sessions for ...
2026-04-08 00:37:57.335 [info] Getting sessions for read:user,repo,user:email,workflow...
2026-04-08 00:37:57.335 [info] Got 1 sessions for read:user,repo,user:email,workflow...
2026-04-08 00:37:57.681 [info] Getting sessions for all scopes...
2026-04-08 00:37:57.681 [info] Got 1 sessions for ...
2026-04-08 00:37:57.682 [info] Getting sessions for read:user,repo,user:email,workflow...
2026-04-08 00:37:57.682 [info] Got 1 sessions for read:user,repo,user:email,workflow...
2026-04-08 00:38:58.960 [info] Getting sessions for all scopes...
2026-04-08 00:38:58.960 [info] Got 1 sessions for ...
2026-04-08 00:38:58.960 [info] Getting sessions for all scopes...
2026-04-08 00:38:58.960 [info] Got 1 sessions for ...
2026-04-08 00:39:10.700 [info] Getting sessions for all scopes...
2026-04-08 00:39:10.700 [info] Got 1 sessions for ...
2026-04-08 00:39:10.700 [info] Getting sessions for all scopes...
2026-04-08 00:39:10.700 [info] Got 1 sessions for ...
2026-04-08 00:39:19.558 [info] Getting sessions for all scopes...
2026-04-08 00:39:19.558 [info] Got 1 sessions for ...
2026-04-08 00:39:19.558 [info] Getting sessions for all scopes...
2026-04-08 00:39:19.558 [info] Got 1 sessions for ...
