2026-04-07 16:26:20.091 [info] Reading sessions from keychain...
2026-04-07 16:26:20.091 [info] Getting sessions for all scopes...
2026-04-07 16:26:20.107 [info] Got 0 sessions for ...
2026-04-07 16:26:20.107 [info] Getting sessions for all scopes...
2026-04-07 16:26:20.107 [info] Got 0 sessions for ...
2026-04-07 16:26:20.112 [info] Getting sessions for all scopes...
2026-04-07 16:26:20.112 [info] Got 0 sessions for ...
2026-04-07 16:26:20.166 [info] Getting sessions for all scopes...
2026-04-07 16:26:20.166 [info] Got 0 sessions for ...
2026-04-07 16:26:21.915 [info] Getting sessions for all scopes...
2026-04-07 16:26:21.915 [info] Got 0 sessions for ...
2026-04-07 16:26:30.521 [info] Reading sessions from keychain...
2026-04-07 16:26:30.521 [info] Getting sessions for all scopes...
2026-04-07 16:26:30.521 [info] Got 0 sessions for ...
2026-04-07 16:26:30.521 [info] Getting sessions for all scopes...
2026-04-07 16:26:30.521 [info] Got 0 sessions for ...
2026-04-07 16:26:30.521 [info] Getting sessions for all scopes...
2026-04-07 16:26:30.521 [info] Got 0 sessions for ...
2026-04-07 16:26:30.521 [info] Getting sessions for all scopes...
2026-04-07 16:26:30.521 [info] Got 0 sessions for ...
2026-04-07 16:26:30.536 [info] Getting sessions for all scopes...
2026-04-07 16:26:30.536 [info] Got 0 sessions for ...
2026-04-07 16:26:32.424 [info] Getting sessions for all scopes...
2026-04-07 16:26:32.424 [info] Got 0 sessions for ...
2026-04-07 16:26:49.117 [info] Reading sessions from keychain...
2026-04-07 16:26:49.117 [info] Getting sessions for all scopes...
2026-04-07 16:26:49.117 [info] Got 0 sessions for ...
2026-04-07 16:26:49.117 [info] Getting sessions for all scopes...
2026-04-07 16:26:49.117 [info] Got 0 sessions for ...
2026-04-07 16:26:49.117 [info] Getting sessions for all scopes...
2026-04-07 16:26:49.117 [info] Got 0 sessions for ...
2026-04-07 16:26:49.117 [info] Getting sessions for all scopes...
2026-04-07 16:26:49.117 [info] Got 0 sessions for ...
2026-04-07 16:26:49.119 [info] Getting sessions for all scopes...
2026-04-07 16:26:49.119 [info] Got 0 sessions for ...
2026-04-07 16:26:51.008 [info] Getting sessions for all scopes...
2026-04-07 16:26:51.008 [info] Got 0 sessions for ...
2026-04-07 16:27:17.500 [info] Getting sessions for all scopes...
2026-04-07 16:27:17.500 [info] Got 0 sessions for ...
2026-04-07 16:27:17.501 [info] Getting sessions for all scopes...
2026-04-07 16:27:17.501 [info] Got 0 sessions for ...
2026-04-07 16:27:17.600 [info] Getting sessions for user:email...
2026-04-07 16:27:17.600 [info] Got 0 sessions for user:email...
2026-04-07 16:27:17.601 [info] Getting sessions for read:user,repo,user:email,workflow...
2026-04-07 16:27:17.601 [info] Got 0 sessions for read:user,repo,user:email,workflow...
2026-04-07 16:27:17.884 [info] Getting sessions for all scopes...
2026-04-07 16:27:17.884 [info] Got 0 sessions for ...
2026-04-07 16:27:17.885 [info] Getting sessions for all scopes...
2026-04-07 16:27:17.885 [info] Got 0 sessions for ...
2026-04-07 16:27:17.885 [info] Getting sessions for all scopes...
2026-04-07 16:27:17.885 [info] Got 0 sessions for ...
2026-04-07 16:27:17.890 [info] Getting sessions for user:email...
2026-04-07 16:27:17.890 [info] Got 0 sessions for user:email...
2026-04-07 16:27:17.890 [info] Getting sessions for read:user,repo,user:email,workflow...
2026-04-07 16:27:17.890 [info] Got 0 sessions for read:user,repo,user:email,workflow...
2026-04-07 16:27:17.930 [info] Getting sessions for all scopes...
2026-04-07 16:27:17.930 [info] Got 0 sessions for ...
2026-04-07 16:27:17.932 [info] Getting sessions for read:user,repo,user:email,workflow...
2026-04-07 16:27:17.932 [info] Got 0 sessions for read:user,repo,user:email,workflow...
2026-04-07 16:27:18.559 [info] Getting sessions for all scopes...
2026-04-07 16:27:18.559 [info] Got 0 sessions for ...
2026-04-07 16:27:18.563 [info] Getting sessions for user:email...
2026-04-07 16:27:18.563 [info] Got 0 sessions for user:email...
2026-04-07 16:27:22.081 [info] Getting sessions for all scopes...
2026-04-07 16:27:22.081 [info] Got 0 sessions for ...
2026-04-07 16:27:22.098 [info] Getting sessions for user:email...
2026-04-07 16:27:22.098 [info] Got 0 sessions for user:email...
2026-04-07 16:27:22.117 [info] Getting sessions for all scopes...
2026-04-07 16:27:22.117 [info] Got 0 sessions for ...
2026-04-07 16:27:22.117 [info] Getting sessions for all scopes...
2026-04-07 16:27:22.117 [info] Got 0 sessions for ...
2026-04-07 16:27:22.136 [info] Getting sessions for user:email...
2026-04-07 16:27:22.136 [info] Got 0 sessions for user:email...
2026-04-07 16:27:22.137 [info] Getting sessions for read:user,repo,user:email,workflow...
2026-04-07 16:27:22.137 [info] Got 0 sessions for read:user,repo,user:email,workflow...
2026-04-07 16:27:22.248 [info] Getting sessions for all scopes...
2026-04-07 16:27:22.248 [info] Got 0 sessions for ...
2026-04-07 16:27:22.253 [info] Getting sessions for all scopes...
2026-04-07 16:27:22.254 [info] Got 0 sessions for ...
2026-04-07 16:27:36.925 [info] Getting sessions for all scopes...
2026-04-07 16:27:36.925 [info] Got 0 sessions for ...
2026-04-07 16:27:37.046 [info] Getting sessions for user:email...
2026-04-07 16:27:37.046 [info] Got 0 sessions for user:email...
2026-04-07 16:27:37.054 [info] Getting sessions for all scopes...
2026-04-07 16:27:37.054 [info] Got 0 sessions for ...
2026-04-07 16:27:37.058 [info] Getting sessions for user:email...
2026-04-07 16:27:37.058 [info] Got 0 sessions for user:email...
2026-04-07 16:28:00.528 [info] Getting sessions for all scopes...
2026-04-07 16:28:00.529 [info] Got 0 sessions for ...
2026-04-07 16:28:00.532 [info] Getting sessions for user:email...
2026-04-07 16:28:00.532 [info] Got 0 sessions for user:email...
2026-04-07 16:28:37.710 [info] Getting sessions for all scopes...
2026-04-07 16:28:37.710 [info] Got 0 sessions for ...
2026-04-07 16:28:37.722 [info] Getting sessions for user:email...
2026-04-07 16:28:37.722 [info] Got 0 sessions for user:email...
2026-04-07 16:28:56.100 [info] Getting sessions for all scopes...
2026-04-07 16:28:56.100 [info] Got 0 sessions for ...
2026-04-07 16:28:56.100 [info] Getting sessions for user:email...
2026-04-07 16:28:56.100 [info] Got 0 sessions for user:email...
2026-04-07 16:29:21.818 [info] Getting sessions for all scopes...
2026-04-07 16:29:21.818 [info] Got 0 sessions for ...
2026-04-07 16:29:21.831 [info] Getting sessions for user:email...
2026-04-07 16:29:21.831 [info] Got 0 sessions for user:email...
2026-04-07 16:30:19.469 [info] Logging in with 'any' account...
2026-04-07 16:30:19.469 [info] Logging in for the following scopes: read:user repo user:email workflow
2026-04-07 16:30:19.506 [info] Trying with local server... (read:user repo user:email workflow)
2026-04-07 16:30:33.379 [info] Exchanging code for token...
2026-04-07 16:30:33.666 [info] Token exchange success!
2026-04-07 16:30:33.668 [info] Getting user info...
2026-04-07 16:30:34.006 [info] Got account info!
2026-04-07 16:30:34.006 [info] Storing 1 sessions...
2026-04-07 16:30:34.008 [info] Reading sessions from keychain...
2026-04-07 16:30:34.008 [info] Stored 1 sessions!
2026-04-07 16:30:34.008 [info] Login success!
2026-04-07 16:30:34.008 [info] Getting sessions for all scopes...
2026-04-07 16:30:34.032 [info] Got stored sessions!
2026-04-07 16:30:34.032 [info] Got 1 verified sessions.
2026-04-07 16:30:34.032 [info] Got 1 sessions for ...
2026-04-07 16:30:34.033 [info] Getting sessions for all scopes...
2026-04-07 16:30:34.033 [info] Got 1 sessions for ...
2026-04-07 16:30:34.034 [info] Getting sessions for read:user,repo,user:email,workflow...
2026-04-07 16:30:34.034 [info] Got 1 sessions for read:user,repo,user:email,workflow...
2026-04-07 16:30:34.037 [info] Getting sessions for all scopes...
2026-04-07 16:30:34.037 [info] Got 1 sessions for ...
2026-04-07 16:30:34.038 [info] Getting sessions for read:user,repo,user:email,workflow...
2026-04-07 16:30:34.038 [info] Got 1 sessions for read:user,repo,user:email,workflow...
2026-04-07 16:30:34.111 [info] Getting sessions for all scopes...
2026-04-07 16:30:34.111 [info] Got 1 sessions for ...
2026-04-07 16:30:34.111 [info] Getting sessions for all scopes...
2026-04-07 16:30:34.111 [info] Got 1 sessions for ...
2026-04-07 16:30:34.468 [info] FetcherService: Node fetch failed with status: 429 Too Many Requests
2026-04-07 16:30:34.468 [info] Unable to resolve optional EDU details. Status: 429 Too Many Requests
2026-04-07 16:30:34.647 [info] Getting sessions for all scopes...
2026-04-07 16:30:34.647 [info] Got 1 sessions for ...
2026-04-07 16:30:34.647 [info] Getting sessions for all scopes...
2026-04-07 16:30:34.647 [info] Got 1 sessions for ...
2026-04-07 16:30:34.648 [info] Getting sessions for read:user,repo,user:email,workflow...
2026-04-07 16:30:34.648 [info] Got 1 sessions for read:user,repo,user:email,workflow...
2026-04-07 16:30:34.723 [info] Getting sessions for all scopes...
2026-04-07 16:30:34.723 [info] Got 1 sessions for ...
2026-04-07 16:30:34.726 [info] Getting sessions for all scopes...
2026-04-07 16:30:34.726 [info] Got 1 sessions for ...
2026-04-07 16:30:34.744 [info] Getting sessions for read:user,repo,user:email,workflow...
2026-04-07 16:30:34.744 [info] Got 1 sessions for read:user,repo,user:email,workflow...
2026-04-07 16:30:35.003 [info] Getting sessions for all scopes...
2026-04-07 16:30:35.004 [info] Got 1 sessions for ...
2026-04-07 16:30:35.004 [info] Getting sessions for read:user,repo,user:email,workflow...
2026-04-07 16:30:35.004 [info] Got 1 sessions for read:user,repo,user:email,workflow...
2026-04-07 16:30:35.234 [info] Getting sessions for all scopes...
2026-04-07 16:30:35.234 [info] Got 1 sessions for ...
2026-04-07 16:30:35.237 [info] Getting sessions for read:user,repo,user:email,workflow...
2026-04-07 16:30:35.237 [info] Got 1 sessions for read:user,repo,user:email,workflow...
2026-04-07 16:30:35.240 [info] Getting sessions for all scopes...
2026-04-07 16:30:35.240 [info] Got 1 sessions for ...
2026-04-07 16:30:35.242 [info] Getting sessions for read:user,repo,user:email,workflow...
2026-04-07 16:30:35.242 [info] Got 1 sessions for read:user,repo,user:email,workflow...
2026-04-07 16:30:35.259 [info] Getting sessions for all scopes...
2026-04-07 16:30:35.259 [info] Got 1 sessions for ...
2026-04-07 16:30:35.260 [info] Getting sessions for read:user,repo,user:email,workflow...
2026-04-07 16:30:35.260 [info] Got 1 sessions for read:user,repo,user:email,workflow...
2026-04-07 16:30:35.272 [info] Getting sessions for all scopes...
2026-04-07 16:30:35.272 [info] Got 1 sessions for ...
2026-04-07 16:30:35.273 [info] Getting sessions for read:user,repo,user:email,workflow...
2026-04-07 16:30:35.273 [info] Got 1 sessions for read:user,repo,user:email,workflow...
2026-04-07 16:30:35.280 [info] Getting sessions for all scopes...
2026-04-07 16:30:35.280 [info] Got 1 sessions for ...
2026-04-07 16:30:35.281 [info] Getting sessions for read:user,repo,user:email,workflow...
2026-04-07 16:30:35.281 [info] Got 1 sessions for read:user,repo,user:email,workflow...
2026-04-07 16:30:35.384 [info] Getting sessions for all scopes...
2026-04-07 16:30:35.384 [info] Got 1 sessions for ...
2026-04-07 16:30:35.388 [info] Getting sessions for read:user,repo,user:email,workflow...
2026-04-07 16:30:35.388 [info] Got 1 sessions for read:user,repo,user:email,workflow...
2026-04-07 16:30:35.614 [info] Getting sessions for all scopes...
2026-04-07 16:30:35.614 [info] Got 1 sessions for ...
2026-04-07 16:30:35.615 [info] Getting sessions for read:user,repo,user:email,workflow...
2026-04-07 16:30:35.615 [info] Got 1 sessions for read:user,repo,user:email,workflow...
2026-04-07 16:30:35.944 [info] Getting sessions for all scopes...
2026-04-07 16:30:35.944 [info] Got 1 sessions for ...
2026-04-07 16:30:35.949 [info] Getting sessions for read:user,repo,user:email,workflow...
2026-04-07 16:30:35.949 [info] Got 1 sessions for read:user,repo,user:email,workflow...
2026-04-07 16:30:36.981 [info] Getting sessions for all scopes...
2026-04-07 16:30:36.981 [info] Got 1 sessions for ...
2026-04-07 16:30:36.983 [info] Getting sessions for read:user,repo,user:email,workflow...
2026-04-07 16:30:36.983 [info] Got 1 sessions for read:user,repo,user:email,workflow...
2026-04-07 16:30:41.456 [info] Getting sessions for all scopes...
2026-04-07 16:30:41.456 [info] Got 1 sessions for ...
2026-04-07 16:30:41.456 [info] Getting sessions for all scopes...
2026-04-07 16:30:41.456 [info] Got 1 sessions for ...
2026-04-07 16:32:35.391 [info] Getting sessions for all scopes...
2026-04-07 16:32:35.391 [info] Got 1 sessions for ...
2026-04-07 16:32:35.413 [info] Getting sessions for all scopes...
2026-04-07 16:32:35.413 [info] Got 1 sessions for ...
2026-04-07 16:35:17.658 [info] Getting sessions for all scopes...
2026-04-07 16:35:17.658 [info] Got 1 sessions for ...
2026-04-07 16:35:17.659 [info] Getting sessions for all scopes...
2026-04-07 16:35:17.659 [info] Got 1 sessions for ...
2026-04-07 16:36:01.935 [info] Getting sessions for all scopes...
2026-04-07 16:36:01.935 [info] Got 1 sessions for ...
2026-04-07 16:36:01.936 [info] Getting sessions for all scopes...
2026-04-07 16:36:01.936 [info] Got 1 sessions for ...
2026-04-07 16:36:31.836 [info] Getting sessions for all scopes...
2026-04-07 16:36:31.836 [info] Got 1 sessions for ...
2026-04-07 16:36:31.837 [info] Getting sessions for all scopes...
2026-04-07 16:36:31.837 [info] Got 1 sessions for ...
2026-04-07 16:37:02.379 [info] Getting sessions for all scopes...
2026-04-07 16:37:02.379 [info] Got 1 sessions for ...
2026-04-07 16:37:02.379 [info] Getting sessions for all scopes...
2026-04-07 16:37:02.379 [info] Got 1 sessions for ...
2026-04-07 16:37:06.112 [info] Getting sessions for all scopes...
2026-04-07 16:37:06.113 [info] Got 1 sessions for ...
2026-04-07 16:37:06.113 [info] Getting sessions for all scopes...
2026-04-07 16:37:06.113 [info] Got 1 sessions for ...
2026-04-07 16:37:08.247 [info] Getting sessions for all scopes...
2026-04-07 16:37:08.247 [info] Got 1 sessions for ...
2026-04-07 16:37:08.247 [info] Getting sessions for all scopes...
2026-04-07 16:37:08.247 [info] Got 1 sessions for ...
2026-04-07 16:37:22.693 [info] Getting sessions for all scopes...
2026-04-07 16:37:22.693 [info] Got 1 sessions for ...
2026-04-07 16:37:22.693 [info] Getting sessions for all scopes...
2026-04-07 16:37:22.693 [info] Got 1 sessions for ...
2026-04-07 16:37:24.233 [info] Getting sessions for all scopes...
2026-04-07 16:37:24.233 [info] Got 1 sessions for ...
2026-04-07 16:37:24.234 [info] Getting sessions for all scopes...
2026-04-07 16:37:24.234 [info] Got 1 sessions for ...
2026-04-07 16:38:15.126 [info] Getting sessions for all scopes...
2026-04-07 16:38:15.126 [info] Got 1 sessions for ...
2026-04-07 16:38:15.126 [info] Getting sessions for all scopes...
2026-04-07 16:38:15.126 [info] Got 1 sessions for ...
2026-04-07 16:39:04.856 [info] Getting sessions for all scopes...
2026-04-07 16:39:04.856 [info] Got 1 sessions for ...
2026-04-07 16:39:04.857 [info] Getting sessions for all scopes...
2026-04-07 16:39:04.857 [info] Got 1 sessions for ...
2026-04-07 16:39:06.711 [info] Getting sessions for all scopes...
2026-04-07 16:39:06.711 [info] Got 1 sessions for ...
2026-04-07 16:39:06.711 [info] Getting sessions for all scopes...
2026-04-07 16:39:06.711 [info] Got 1 sessions for ...
2026-04-07 16:40:16.570 [info] Getting sessions for all scopes...
2026-04-07 16:40:16.570 [info] Got 1 sessions for ...
2026-04-07 16:40:16.571 [info] Getting sessions for all scopes...
2026-04-07 16:40:16.571 [info] Got 1 sessions for ...
2026-04-07 16:42:23.233 [info] Getting sessions for all scopes...
2026-04-07 16:42:23.233 [info] Got 1 sessions for ...
2026-04-07 16:42:23.234 [info] Getting sessions for all scopes...
2026-04-07 16:42:23.234 [info] Got 1 sessions for ...
2026-04-07 16:43:08.822 [info] Getting sessions for all scopes...
2026-04-07 16:43:08.822 [info] Got 1 sessions for ...
2026-04-07 16:43:08.822 [info] Getting sessions for all scopes...
2026-04-07 16:43:08.822 [info] Got 1 sessions for ...
2026-04-07 16:44:51.497 [info] Getting sessions for all scopes...
2026-04-07 16:44:51.497 [info] Got 1 sessions for ...
2026-04-07 16:44:51.497 [info] Getting sessions for all scopes...
2026-04-07 16:44:51.497 [info] Got 1 sessions for ...
2026-04-07 16:45:21.350 [info] Getting sessions for all scopes...
2026-04-07 16:45:21.350 [info] Got 1 sessions for ...
2026-04-07 16:45:21.351 [info] Getting sessions for all scopes...
2026-04-07 16:45:21.351 [info] Got 1 sessions for ...
2026-04-07 16:45:40.151 [info] Getting sessions for all scopes...
2026-04-07 16:45:40.151 [info] Got 1 sessions for ...
2026-04-07 16:45:40.151 [info] Getting sessions for all scopes...
2026-04-07 16:45:40.152 [info] Got 1 sessions for ...
2026-04-07 16:45:58.273 [info] Getting sessions for all scopes...
2026-04-07 16:45:58.273 [info] Got 1 sessions for ...
2026-04-07 16:45:58.273 [info] Getting sessions for all scopes...
2026-04-07 16:45:58.273 [info] Got 1 sessions for ...
2026-04-07 16:46:04.951 [info] Getting sessions for read:user,repo,user:email,workflow...
2026-04-07 16:46:04.951 [info] Got 1 sessions for read:user,repo,user:email,workflow...
2026-04-07 16:46:07.672 [info] Getting sessions for all scopes...
2026-04-07 16:46:07.672 [info] Got 1 sessions for ...
2026-04-07 16:46:07.776 [info] Getting sessions for all scopes...
2026-04-07 16:46:07.776 [info] Got 1 sessions for ...
2026-04-07 16:46:07.776 [info] Getting sessions for all scopes...
2026-04-07 16:46:07.776 [info] Got 1 sessions for ...
2026-04-07 16:46:08.189 [info] Getting sessions for all scopes...
2026-04-07 16:46:08.189 [info] Got 1 sessions for ...
2026-04-07 16:46:08.191 [info] Getting sessions for read:user,repo,user:email,workflow...
2026-04-07 16:46:08.191 [info] Got 1 sessions for read:user,repo,user:email,workflow...
2026-04-07 16:46:09.342 [info] Getting sessions for all scopes...
2026-04-07 16:46:09.342 [info] Got 1 sessions for ...
2026-04-07 16:46:09.342 [info] Getting sessions for all scopes...
2026-04-07 16:46:09.342 [info] Got 1 sessions for ...
2026-04-07 16:46:09.343 [info] Getting sessions for read:user,repo,user:email,workflow...
2026-04-07 16:46:09.343 [info] Got 1 sessions for read:user,repo,user:email,workflow...
2026-04-07 16:46:09.433 [info] Getting sessions for all scopes...
2026-04-07 16:46:09.433 [info] Got 1 sessions for ...
2026-04-07 16:46:09.433 [info] Getting sessions for read:user,repo,user:email,workflow...
2026-04-07 16:46:09.433 [info] Got 1 sessions for read:user,repo,user:email,workflow...
2026-04-07 16:46:09.433 [info] Getting sessions for all scopes...
2026-04-07 16:46:09.433 [info] Got 1 sessions for ...
2026-04-07 16:47:23.076 [info] Getting sessions for all scopes...
2026-04-07 16:47:23.076 [info] Got 1 sessions for ...
2026-04-07 16:47:23.076 [info] Getting sessions for all scopes...
2026-04-07 16:47:23.076 [info] Got 1 sessions for ...
2026-04-07 16:48:18.604 [info] Getting sessions for all scopes...
2026-04-07 16:48:18.604 [info] Got 1 sessions for ...
2026-04-07 16:48:18.605 [info] Getting sessions for all scopes...
2026-04-07 16:48:18.605 [info] Got 1 sessions for ...
2026-04-07 16:48:33.653 [info] Getting sessions for all scopes...
2026-04-07 16:48:33.653 [info] Got 1 sessions for ...
2026-04-07 16:48:33.655 [info] Getting sessions for all scopes...
2026-04-07 16:48:33.655 [info] Got 1 sessions for ...
2026-04-07 16:48:39.776 [info] Getting sessions for all scopes...
2026-04-07 16:48:39.776 [info] Got 1 sessions for ...
2026-04-07 16:48:39.776 [info] Getting sessions for all scopes...
2026-04-07 16:48:39.776 [info] Got 1 sessions for ...
2026-04-07 16:48:46.098 [info] Getting sessions for all scopes...
2026-04-07 16:48:46.098 [info] Got 1 sessions for ...
2026-04-07 16:48:46.098 [info] Getting sessions for all scopes...
2026-04-07 16:48:46.098 [info] Got 1 sessions for ...
2026-04-07 16:48:50.368 [info] Getting sessions for read:user,repo,user:email,workflow...
2026-04-07 16:48:50.368 [info] Got 1 sessions for read:user,repo,user:email,workflow...
2026-04-07 16:49:43.903 [info] Getting sessions for all scopes...
2026-04-07 16:49:43.903 [info] Got 1 sessions for ...
2026-04-07 16:49:43.903 [info] Getting sessions for all scopes...
2026-04-07 16:49:43.903 [info] Got 1 sessions for ...
2026-04-07 16:50:04.448 [info] Getting sessions for all scopes...
2026-04-07 16:50:04.448 [info] Got 1 sessions for ...
2026-04-07 16:50:04.448 [info] Getting sessions for all scopes...
2026-04-07 16:50:04.448 [info] Got 1 sessions for ...
2026-04-07 16:50:46.276 [info] Getting sessions for all scopes...
2026-04-07 16:50:46.276 [info] Got 1 sessions for ...
2026-04-07 16:50:46.276 [info] Getting sessions for all scopes...
2026-04-07 16:50:46.276 [info] Got 1 sessions for ...
2026-04-07 16:50:47.965 [info] Getting sessions for read:user,repo,user:email,workflow...
2026-04-07 16:50:47.965 [info] Got 1 sessions for read:user,repo,user:email,workflow...
2026-04-07 16:51:11.252 [info] Getting sessions for all scopes...
2026-04-07 16:51:11.252 [info] Got 1 sessions for ...
2026-04-07 16:51:11.253 [info] Getting sessions for all scopes...
2026-04-07 16:51:11.253 [info] Got 1 sessions for ...
2026-04-07 16:51:22.152 [info] Getting sessions for all scopes...
2026-04-07 16:51:22.152 [info] Got 1 sessions for ...
2026-04-07 16:51:22.152 [info] Getting sessions for all scopes...
2026-04-07 16:51:22.152 [info] Got 1 sessions for ...
2026-04-07 16:51:35.451 [info] Getting sessions for all scopes...
2026-04-07 16:51:35.451 [info] Got 1 sessions for ...
2026-04-07 16:51:35.452 [info] Getting sessions for all scopes...
2026-04-07 16:51:35.452 [info] Got 1 sessions for ...
