2026-04-08 00:37:53.798 [info] [main] Log level: Info
2026-04-08 00:37:53.798 [info] [main] Validating found git in: "git"
2026-04-08 00:37:53.798 [info] [main] Using git "2.43.0" from "git"
2026-04-08 00:37:53.798 [info] [Model][doInitialScan] Initial repository scan started
2026-04-08 00:37:53.798 [info] > git rev-parse --show-toplevel [7ms]
2026-04-08 00:37:53.798 [info] > git rev-parse --git-dir --git-common-dir --show-superproject-working-tree [15ms]
2026-04-08 00:37:53.798 [info] [Model][openRepository] Opened repository (path): /home/rique/.config
2026-04-08 00:37:53.798 [info] [Model][openRepository] Opened repository (real path): /home/rique/.config
2026-04-08 00:37:53.798 [info] [Model][openRepository] Opened repository (kind): repository
2026-04-08 00:37:53.798 [info] [Model][doInitialScan] Initial repository scan completed - repositories (1), closed repositories (0), parent repositories (0), unsafe repositories (0)
2026-04-08 00:37:53.798 [info] > git config --get commit.template [22ms]
2026-04-08 00:37:53.801 [info] > git for-each-ref --format=%(refname)%00%(upstream:short)%00%(objectname)%00%(upstream:track)%00%(upstream:remotename)%00%(upstream:remoteref) refs/heads/main refs/remotes/main [3ms]
2026-04-08 00:37:55.321 [info] > git status -z -uall [1514ms]
2026-04-08 00:37:55.323 [info] > git for-each-ref --sort -committerdate --format %(refname)%00%(objectname)%00%(*objectname) [1510ms]
2026-04-08 00:37:55.498 [info] > git check-ignore -v -z --stdin [130ms]
2026-04-08 00:37:55.499 [info] > git for-each-ref --format=%(refname)%00%(upstream:short)%00%(objectname)%00%(upstream:track)%00%(upstream:remotename)%00%(upstream:remoteref) refs/heads/main refs/remotes/main [150ms]
2026-04-08 00:37:55.592 [info] > git config --get --local branch.main.vscode-merge-base [86ms]
2026-04-08 00:37:55.592 [warning] [Git][config] git config failed: Failed to execute git
2026-04-08 00:37:55.600 [info] > git config --get commit.template [114ms]
2026-04-08 00:37:55.718 [info] > git reflog main --grep-reflog=branch: Created from *. [119ms]
2026-04-08 00:37:55.763 [info] > git reflog HEAD --grep-reflog=checkout: moving from .* to main [36ms]
2026-04-08 00:37:55.777 [info] > git for-each-ref --format=%(refname)%00%(upstream:short)%00%(objectname)%00%(upstream:track)%00%(upstream:remotename)%00%(upstream:remoteref) refs/heads/master refs/remotes/master [5ms]
2026-04-08 00:37:55.787 [info] > git for-each-ref --format=%(refname)%00%(upstream:short)%00%(objectname)%00%(upstream:track)%00%(upstream:remotename)%00%(upstream:remoteref) refs/heads/main refs/remotes/main [38ms]
2026-04-08 00:37:55.813 [info] > git symbolic-ref --short refs/remotes/origin/HEAD [26ms]
2026-04-08 00:37:55.813 [info] fatal: ref refs/remotes/origin/HEAD is not a symbolic ref
2026-04-08 00:37:55.813 [warning] [Repository][getDefaultBranch] Failed to get default branch details: Failed to execute git.
2026-04-08 00:37:55.827 [info] > git merge-base refs/heads/main refs/remotes/origin/main [4ms]
2026-04-08 00:37:55.873 [info] > git diff --raw --numstat --diff-filter=ADMR -z --find-renames=50% 67bf2ad022b75330d846086c883ae309afae793a...refs/remotes/origin/main -- [37ms]
2026-04-08 00:37:55.874 [info] > git for-each-ref --sort -committerdate --format %(refname)%00%(objectname)%00%(*objectname) [2ms]
2026-04-08 00:37:55.881 [info] > git status -z -uall [16ms]
2026-04-08 00:37:56.795 [info] > git config --get commit.template [11ms]
2026-04-08 00:37:56.810 [info] > git for-each-ref --format=%(refname)%00%(upstream:short)%00%(objectname)%00%(upstream:track)%00%(upstream:remotename)%00%(upstream:remoteref) refs/heads/main refs/remotes/main [1ms]
2026-04-08 00:37:56.832 [info] > git status -z -uall [11ms]
2026-04-08 00:37:56.832 [info] > git for-each-ref --sort -committerdate --format %(refname)%00%(objectname)%00%(*objectname) [4ms]
2026-04-08 00:37:59.032 [info] > git config --get commit.template [9ms]
2026-04-08 00:37:59.033 [info] > git for-each-ref --format=%(refname)%00%(upstream:short)%00%(objectname)%00%(upstream:track)%00%(upstream:remotename)%00%(upstream:remoteref) refs/heads/main refs/remotes/main [1ms]
2026-04-08 00:37:59.052 [info] > git for-each-ref --sort -committerdate --format %(refname)%00%(objectname)%00%(*objectname) [1ms]
2026-04-08 00:37:59.053 [info] > git status -z -uall [11ms]
2026-04-08 00:38:04.077 [info] > git config --get commit.template [10ms]
2026-04-08 00:38:04.078 [info] > git for-each-ref --format=%(refname)%00%(upstream:short)%00%(objectname)%00%(upstream:track)%00%(upstream:remotename)%00%(upstream:remoteref) refs/heads/main refs/remotes/main [2ms]
2026-04-08 00:38:04.097 [info] > git for-each-ref --sort -committerdate --format %(refname)%00%(objectname)%00%(*objectname) [1ms]
2026-04-08 00:38:04.099 [info] > git status -z -uall [12ms]
2026-04-08 00:38:14.800 [info] > git config --get commit.template [9ms]
2026-04-08 00:38:14.801 [info] > git for-each-ref --format=%(refname)%00%(upstream:short)%00%(objectname)%00%(upstream:track)%00%(upstream:remotename)%00%(upstream:remoteref) refs/heads/main refs/remotes/main [2ms]
2026-04-08 00:38:14.819 [info] > git for-each-ref --sort -committerdate --format %(refname)%00%(objectname)%00%(*objectname) [1ms]
2026-04-08 00:38:14.821 [info] > git status -z -uall [12ms]
2026-04-08 00:38:19.845 [info] > git config --get commit.template [10ms]
2026-04-08 00:38:19.845 [info] > git for-each-ref --format=%(refname)%00%(upstream:short)%00%(objectname)%00%(upstream:track)%00%(upstream:remotename)%00%(upstream:remoteref) refs/heads/main refs/remotes/main [1ms]
2026-04-08 00:38:19.864 [info] > git for-each-ref --sort -committerdate --format %(refname)%00%(objectname)%00%(*objectname) [1ms]
2026-04-08 00:38:19.866 [info] > git status -z -uall [12ms]
2026-04-08 00:38:24.888 [info] > git config --get commit.template [9ms]
2026-04-08 00:38:24.888 [info] > git for-each-ref --format=%(refname)%00%(upstream:short)%00%(objectname)%00%(upstream:track)%00%(upstream:remotename)%00%(upstream:remoteref) refs/heads/main refs/remotes/main [1ms]
2026-04-08 00:38:24.908 [info] > git for-each-ref --sort -committerdate --format %(refname)%00%(objectname)%00%(*objectname) [2ms]
2026-04-08 00:38:24.909 [info] > git status -z -uall [12ms]
2026-04-08 00:38:43.054 [info] > git config --get commit.template [9ms]
2026-04-08 00:38:43.055 [info] > git for-each-ref --format=%(refname)%00%(upstream:short)%00%(objectname)%00%(upstream:track)%00%(upstream:remotename)%00%(upstream:remoteref) refs/heads/main refs/remotes/main [1ms]
2026-04-08 00:38:43.074 [info] > git for-each-ref --sort -committerdate --format %(refname)%00%(objectname)%00%(*objectname) [1ms]
2026-04-08 00:38:43.076 [info] > git status -z -uall [12ms]
2026-04-08 00:38:58.881 [info] > git config --get commit.template [10ms]
2026-04-08 00:38:58.881 [info] > git for-each-ref --format=%(refname)%00%(upstream:short)%00%(objectname)%00%(upstream:track)%00%(upstream:remotename)%00%(upstream:remoteref) refs/heads/main refs/remotes/main [1ms]
2026-04-08 00:38:58.900 [info] > git for-each-ref --sort -committerdate --format %(refname)%00%(objectname)%00%(*objectname) [2ms]
2026-04-08 00:38:58.903 [info] > git status -z -uall [13ms]
2026-04-08 00:39:03.925 [info] > git config --get commit.template [9ms]
2026-04-08 00:39:03.926 [info] > git for-each-ref --format=%(refname)%00%(upstream:short)%00%(objectname)%00%(upstream:track)%00%(upstream:remotename)%00%(upstream:remoteref) refs/heads/main refs/remotes/main [1ms]
2026-04-08 00:39:03.945 [info] > git for-each-ref --sort -committerdate --format %(refname)%00%(objectname)%00%(*objectname) [1ms]
2026-04-08 00:39:03.946 [info] > git status -z -uall [12ms]
2026-04-08 00:39:10.620 [info] > git config --get commit.template [10ms]
2026-04-08 00:39:10.621 [info] > git for-each-ref --format=%(refname)%00%(upstream:short)%00%(objectname)%00%(upstream:track)%00%(upstream:remotename)%00%(upstream:remoteref) refs/heads/main refs/remotes/main [1ms]
2026-04-08 00:39:10.642 [info] > git for-each-ref --sort -committerdate --format %(refname)%00%(objectname)%00%(*objectname) [2ms]
2026-04-08 00:39:10.643 [info] > git status -z -uall [12ms]
2026-04-08 00:39:15.666 [info] > git config --get commit.template [10ms]
2026-04-08 00:39:15.666 [info] > git for-each-ref --format=%(refname)%00%(upstream:short)%00%(objectname)%00%(upstream:track)%00%(upstream:remotename)%00%(upstream:remoteref) refs/heads/main refs/remotes/main [1ms]
2026-04-08 00:39:15.685 [info] > git for-each-ref --sort -committerdate --format %(refname)%00%(objectname)%00%(*objectname) [1ms]
2026-04-08 00:39:15.687 [info] > git status -z -uall [12ms]
2026-04-08 00:39:20.709 [info] > git config --get commit.template [9ms]
2026-04-08 00:39:20.709 [info] > git for-each-ref --format=%(refname)%00%(upstream:short)%00%(objectname)%00%(upstream:track)%00%(upstream:remotename)%00%(upstream:remoteref) refs/heads/main refs/remotes/main [1ms]
2026-04-08 00:39:20.728 [info] > git for-each-ref --sort -committerdate --format %(refname)%00%(objectname)%00%(*objectname) [1ms]
2026-04-08 00:39:20.730 [info] > git status -z -uall [12ms]
