4/6/2026, 3:48:00 PM GMT-3 0: 

----------------------------------------------
4/6/2026, 3:48:00 PM GMT-3 1: Discord starting: {"releaseChannel":"stable","version":"0.0.131"}, modulepath: /home/rique/.config/discord/0.0.131/modules
4/6/2026, 3:48:00 PM GMT-3 2: ✅ webContents.created web1 "index.html"
4/6/2026, 3:48:00 PM GMT-3 3: ✅ window.created win1 "discord"
4/6/2026, 3:48:00 PM GMT-3 4: ✅ webContents.did-finish-load web1
4/6/2026, 3:48:05 PM GMT-3 5: ✅ webContents.created web2 ""
4/6/2026, 3:48:05 PM GMT-3 6: ✅ window.created win2 "Discord"
4/6/2026, 3:48:05 PM GMT-3 7: ✅ webContents.did-finish-load web2
4/6/2026, 3:48:06 PM GMT-3 8: window.close win1
4/6/2026, 3:48:06 PM GMT-3 9: webContents.destroyed web1
4/6/2026, 3:48:06 PM GMT-3 10: window.closed win1
4/6/2026, 3:49:56 PM GMT-3 11: window.close win2
4/6/2026, 3:50:00 PM GMT-3 0: 

----------------------------------------------
4/6/2026, 3:50:00 PM GMT-3 1: Discord starting: {"releaseChannel":"stable","version":"0.0.131"}, modulepath: /home/rique/.config/discord/0.0.131/modules
4/6/2026, 3:51:15 PM GMT-3 12: window.close win2
4/6/2026, 3:54:00 PM GMT-3 13: before-quit
4/6/2026, 3:54:00 PM GMT-3 14: window.close win2
4/7/2026, 4:09:28 PM GMT-3 0: 

----------------------------------------------
4/7/2026, 4:09:28 PM GMT-3 1: Discord starting: {"releaseChannel":"stable","version":"0.0.131"}, modulepath: /home/rique/.config/discord/0.0.131/modules
4/7/2026, 4:09:28 PM GMT-3 2: ✅ webContents.created web1 ""
4/7/2026, 4:09:28 PM GMT-3 3: ✅ window.created win1 "discord"
4/7/2026, 4:09:28 PM GMT-3 4: ✅ webContents.did-finish-load web1
4/7/2026, 4:09:34 PM GMT-3 5: window.close win1
4/7/2026, 4:09:34 PM GMT-3 6: webContents.destroyed web1
4/7/2026, 4:14:41 PM GMT-3 0: 

----------------------------------------------
4/7/2026, 4:14:41 PM GMT-3 1: Discord starting: {"releaseChannel":"stable","version":"0.0.131"}, modulepath: /home/rique/.config/discord/0.0.131/modules
4/7/2026, 4:14:41 PM GMT-3 2: ✅ webContents.created web1 ""
4/7/2026, 4:14:41 PM GMT-3 3: ✅ window.created win1 "discord"
4/7/2026, 4:14:41 PM GMT-3 4: ✅ webContents.did-finish-load web1
4/7/2026, 4:14:54 PM GMT-3 5: window.close win1
4/7/2026, 4:14:54 PM GMT-3 6: webContents.destroyed web1
4/7/2026, 4:14:59 PM GMT-3 0: 

----------------------------------------------
4/7/2026, 4:14:59 PM GMT-3 1: Discord starting: {"releaseChannel":"stable","version":"0.0.131"}, modulepath: /home/rique/.config/discord/0.0.131/modules
4/7/2026, 4:14:59 PM GMT-3 2: ✅ webContents.created web1 ""
4/7/2026, 4:14:59 PM GMT-3 3: ✅ window.created win1 "discord"
4/7/2026, 4:14:59 PM GMT-3 4: ✅ webContents.did-finish-load web1
4/7/2026, 4:15:07 PM GMT-3 5: window.close win1
4/7/2026, 4:15:07 PM GMT-3 6: webContents.destroyed web1
4/7/2026, 4:15:15 PM GMT-3 0: 

----------------------------------------------
4/7/2026, 4:15:15 PM GMT-3 1: Discord starting: {"releaseChannel":"stable","version":"0.0.131"}, modulepath: /home/rique/.config/discord/0.0.131/modules
4/7/2026, 4:15:15 PM GMT-3 2: ✅ webContents.created web1 ""
4/7/2026, 4:15:15 PM GMT-3 3: ✅ window.created win1 "discord"
4/7/2026, 4:15:15 PM GMT-3 4: ✅ webContents.did-finish-load web1
4/7/2026, 4:15:25 PM GMT-3 0: 

----------------------------------------------
4/7/2026, 4:15:25 PM GMT-3 1: Discord starting: {"releaseChannel":"stable","version":"0.0.131"}, modulepath: /home/rique/.config/discord/0.0.131/modules
4/7/2026, 4:15:25 PM GMT-3 2: ✅ webContents.created web1 ""
4/7/2026, 4:15:25 PM GMT-3 3: ✅ window.created win1 "discord"
4/7/2026, 4:15:25 PM GMT-3 4: ✅ webContents.did-finish-load web1
4/7/2026, 4:16:06 PM GMT-3 0: 

----------------------------------------------
4/7/2026, 4:16:06 PM GMT-3 1: Discord starting: {"releaseChannel":"stable","version":"0.0.131"}, modulepath: /home/rique/.config/discord/0.0.131/modules
4/7/2026, 4:16:06 PM GMT-3 2: ✅ webContents.created web1 ""
4/7/2026, 4:16:06 PM GMT-3 3: ✅ window.created win1 "discord"
4/7/2026, 4:16:06 PM GMT-3 4: ✅ webContents.did-finish-load web1
4/7/2026, 4:16:09 PM GMT-3 5: window.close win1
4/7/2026, 4:16:09 PM GMT-3 6: webContents.destroyed web1
4/7/2026, 4:16:12 PM GMT-3 0: 

----------------------------------------------
4/7/2026, 4:16:12 PM GMT-3 1: Discord starting: {"releaseChannel":"stable","version":"0.0.131"}, modulepath: /home/rique/.config/discord/0.0.131/modules
4/7/2026, 4:16:12 PM GMT-3 2: ✅ webContents.created web1 ""
4/7/2026, 4:16:12 PM GMT-3 3: ✅ window.created win1 "discord"
4/7/2026, 4:16:12 PM GMT-3 4: ✅ webContents.did-finish-load web1
4/7/2026, 4:16:16 PM GMT-3 5: before-quit
4/7/2026, 4:16:16 PM GMT-3 6: window.close win1
4/8/2026, 1:02:46 AM GMT-3 0: 

----------------------------------------------
4/8/2026, 1:02:46 AM GMT-3 1: Discord starting: {"releaseChannel":"stable","version":"0.0.131"}, modulepath: /home/rique/.config/discord/0.0.131/modules
4/8/2026, 1:02:46 AM GMT-3 2: ✅ webContents.created web1 ""
4/8/2026, 1:02:46 AM GMT-3 3: ✅ window.created win1 "discord"
4/8/2026, 1:02:46 AM GMT-3 4: ✅ webContents.did-finish-load web1
4/8/2026, 1:02:48 AM GMT-3 5: window.close win1
4/8/2026, 1:02:48 AM GMT-3 6: webContents.destroyed web1
